<?xml version="1.0" encoding="UTF-8"?>
<testsuite xmlns:xsi="http://www.w3.org/2001/XMLSchema-instance" xsi:noNamespaceSchemaLocation="https://maven.apache.org/surefire/maven-surefire-plugin/xsd/surefire-test-report.xsd" version="3.0.2" name="com.demo.base.BaseApplicationTests" time="3.363" tests="1" errors="0" skipped="0" failures="0">
  <properties>
[...]
</properties>
  <testcase name="contextLoads" classname="com.demo.base.BaseApplicationTests" time="0.581">
    <system-out><![CDATA[14:53:15.685 [main] INFO org.springframework.test.context.support.AnnotationConfigContextLoaderUtils -- Could not detect default configuration classes for test class [com.demo.base.BaseApplicationTests]: BaseApplicationTests does not declare any static, non-private, non-final, nested classes annotated with @Configuration.
14:53:15.783 [main] INFO org.springframework.boot.test.context.SpringBootTestContextBootstrapper -- Found @SpringBootConfiguration com.demo.base.BaseApplication for test class com.demo.base.BaseApplicationTests

  .-')     _ (`-.  _  .-')               .-') _           .-. .-')                             .-') _
 ( OO ).  ( (OO  )( \( -O )             ( OO ) )          \  ( OO )                           (  OO) )
(_)---\_)_.`     \ ,------.  ,-.-') ,--./ ,--,'  ,----.    ;-----.\  .-'),-----.  .-'),-----. /     '._
/    _ |(__...--'' |   /`. ' |  |OO)|   \ |  |\ '  .-./-') | .-.  | ( OO'  .-.  '( OO'  .-.  '|'--...__)
\  :` `. |  /  | | |  /  | | |  |  \|    \|  | )|  |_( O- )| '-' /_)/   |  | |  |/   |  | |  |'--.  .--'
 '..`''.)|  |_.' | |  |_.' | |  |(_/|  .     |/ |  | .--, \| .-. `. \_) |  |\|  |\_) |  |\|  |   |  |
.-._)   \|  .___.' |  .  '.',|  |_.'|  |\    | (|  | '. (_/| |  \  |  \ |  | |  |  \ |  | |  |   |  |
\       /|  |      |  |\  \(_|  |   |  | \   |  |  '--'  | | '--'  /   `'  '-'  '   `'  '-'  '   |  |
 `-----' `--'      `--' '--' `--'   `--'  `--'   `------'  `------'      `-----'      `-----'    `--'
 
 :: Basement Springboot :: version = 3.5.7 , pid = 4944

2025-12-01T14:53:16.117+08:00  INFO 4944 --- [base] [           main] com.demo.base.BaseApplicationTests       : Starting BaseApplicationTests using Java 25.0.1 with PID 4944 (started by UwU in C:\Users\uwufi\IdeaProjects\Personal-Basement-master)
2025-12-01T14:53:16.118+08:00  INFO 4944 --- [base] [           main] com.demo.base.BaseApplicationTests       : The following 1 profile is active: "dev"
2025-12-01T14:53:17.953+08:00  INFO 4944 --- [base] [           main] o.s.b.a.w.s.WelcomePageHandlerMapping    : Adding welcome page: class path resource [static/index.html]
2025-12-01T14:53:18.343+08:00  INFO 4944 --- [base] [           main] com.demo.base.BaseApplicationTests       : Started BaseApplicationTests in 2.443 seconds (process running for 3.61)
2025-12-01T14:53:18.344+08:00  INFO 4944 --- [base] [ V-APICollector] com.demo.base.doc.APIMetaDataCollector   : APIMetaDataCollection finished
]]></system-out>
    <system-err><![CDATA[Mockito is currently self-attaching to enable the inline-mock-maker. This will no longer work in future releases of the JDK. Please add Mockito as an agent to your build as described in Mockito's documentation: https://javadoc.io/doc/org.mockito/mockito-core/latest/org.mockito/org/mockito/Mockito.html#0.3
WARNING: A Java agent has been loaded dynamically (C:\Users\uwufi\.m2\repository\net\bytebuddy\byte-buddy-agent\1.17.8\byte-buddy-agent-1.17.8.jar)
WARNING: If a serviceability tool is in use, please run with -XX:+EnableDynamicAgentLoading to hide this warning
WARNING: If a serviceability tool is not in use, please run with -Djdk.instrument.traceUsage for more information
WARNING: Dynamic loading of agents will be disallowed by default in a future release
]]></system-err>
  </testcase>
</testsuite>